<?xml version="1.0" encoding="UTF-8"?>
<!-- Generated by org.testng.reporters.JUnitXMLReporter -->
<testsuite ignored="0" hostname="Srinithi" failures="0" tests="10" name="Regression" time="32.409" errors="0" timestamp="2020-06-10T17:14:14 IST">
  <testcase classname="testcases.TC_VerifyMain" name="sortbyBudget" time="0.253"/>
  <testcase classname="testcases.TC_VerifyMain" name="sortbyapprxPrice" time="6.137"/>
  <testcase classname="testcases.TC_VerifyMain" name="sortbyBrandName" time="0.917"/>
  <testcase classname="testcases.TC_VerifyMain" name="sortbyPriceRange" time="1.978"/>
  <testcase classname="testcases.TC_VerifyMain" name="upcomingbikeName1" time="3.953"/>
  <testcase classname="testcases.TC_VerifyMain" name="upcomingbikePrice1" time="1.067"/>
  <testcase classname="testcases.TC_VerifyMain" name="upcomingbikeDate1" time="4.614"/>
  <testcase classname="testcases.TC_VerifyMain" name="upcomingbikeName2" time="2.177"/>
  <testcase classname="testcases.TC_VerifyMain" name="upcomingbikePrice2" time="0.036"/>
  <testcase classname="testcases.TC_VerifyMain" name="upcomingbikeDate2" time="0.036"/>
</testsuite> <!-- Regression -->
