<?xml version="1.0" encoding="UTF-8"?>
<!-- Generated by org.testng.reporters.JUnitXMLReporter -->
<testsuite ignored="0" hostname="Srinithi" failures="0" tests="14" name="BikeApp Test" time="97.498" errors="0" timestamp="2020-06-26T22:27:58 IST">
  <testcase classname="testcases.TC_VerifyLogin" name="verifyLogin" time="3.978"/>
  <testcase classname="testcases.TC_VerifyLogin" name="verifyHomePageTitle" time="0.691"/>
  <testcase classname="testcases.TC_VerifyLogin" name="selectCity" time="3.293"/>
  <testcase classname="testcases.TC_VerifyInvalidLogin" name="invalidLogin" time="8.775"/>
  <testcase classname="testcases.TC_VerifyMain" name="sortbyBudget" time="14.576"/>
  <testcase classname="testcases.TC_VerifyMain" name="sortbyapprxPrice" time="3.969"/>
  <testcase classname="testcases.TC_VerifyMain" name="sortbyBrandName" time="0.908"/>
  <testcase classname="testcases.TC_VerifyMain" name="sortbyPriceRange" time="1.616"/>
  <testcase classname="testcases.TC_VerifyMain" name="upcomingbikeName1" time="3.072"/>
  <testcase classname="testcases.TC_VerifyMain" name="upcomingbikePrice1" time="1.044"/>
  <testcase classname="testcases.TC_VerifyMain" name="upcomingbikeDate1" time="3.03"/>
  <testcase classname="testcases.TC_VerifyMain" name="upcomingbikeName2" time="1.336"/>
  <testcase classname="testcases.TC_VerifyMain" name="upcomingbikePrice2" time="0.039"/>
  <testcase classname="testcases.TC_VerifyMain" name="upcomingbikeDate2" time="0.443"/>
</testsuite> <!-- BikeApp Test -->
