<?xml version="1.0" encoding="UTF-8"?>
<!-- Generated by org.testng.reporters.JUnitXMLReporter -->
<testsuite ignored="0" hostname="Srinithi" failures="0" tests="4" name="Smoke" time="36.273" errors="0" timestamp="2020-06-10T17:13:41 IST">
  <testcase classname="testcases.TC_VerifyLogin" name="verifyLogin" time="3.907"/>
  <testcase classname="testcases.TC_VerifyLogin" name="verifyHomePageTitle" time="0.319"/>
  <testcase classname="testcases.TC_VerifyLogin" name="selectCity" time="3.337"/>
  <testcase classname="testcases.TC_VerifyInvalidLogin" name="invalidLogin" time="5.198"/>
</testsuite> <!-- Smoke -->
