<?xml version="1.0" encoding="UTF-8"?>
<!-- Generated by org.testng.reporters.JUnitXMLReporter -->
<testsuite ignored="0" hostname="Srinithi" failures="0" tests="10" name="Default test" time="42.588" errors="0" timestamp="2020-06-13T21:30:26 IST">
  <testcase classname="testcases.TC_VerifyMain" name="sortbyBudget" time="0.317"/>
  <testcase classname="testcases.TC_VerifyMain" name="sortbyapprxPrice" time="6.819"/>
  <testcase classname="testcases.TC_VerifyMain" name="sortbyBrandName" time="1.034"/>
  <testcase classname="testcases.TC_VerifyMain" name="sortbyPriceRange" time="1.742"/>
  <testcase classname="testcases.TC_VerifyMain" name="upcomingbikeName1" time="4.615"/>
  <testcase classname="testcases.TC_VerifyMain" name="upcomingbikePrice1" time="1.084"/>
  <testcase classname="testcases.TC_VerifyMain" name="upcomingbikeDate1" time="4.498"/>
  <testcase classname="testcases.TC_VerifyMain" name="upcomingbikeName2" time="1.839"/>
  <testcase classname="testcases.TC_VerifyMain" name="upcomingbikePrice2" time="0.04"/>
  <testcase classname="testcases.TC_VerifyMain" name="upcomingbikeDate2" time="1.716"/>
</testsuite> <!-- Default test -->
