<?xml version="1.0" encoding="UTF-8"?>
<testng-results ignored="0" total="14" passed="14" failed="0" skipped="0">
  <reporter-output>
  </reporter-output>
  <suite started-at="2020-06-26T22:26:20 IST" name="HondaBike" finished-at="2020-06-26T22:27:58 IST" duration-ms="97498">
    <groups>
    </groups>
    <test started-at="2020-06-26T22:26:20 IST" name="BikeApp Test" finished-at="2020-06-26T22:27:58 IST" duration-ms="97498">
      <class name="testcases.TC_VerifyInvalidLogin">
        <test-method is-config="true" signature="setup()[pri:0, instance:testcases.TC_VerifyInvalidLogin@5c1a8622]" started-at="2020-06-26T22:26:41 IST" name="setup" finished-at="2020-06-26T22:26:59 IST" duration-ms="18160" status="PASS">
          <reporter-output>
          </reporter-output>
        </test-method> <!-- setup -->
        <test-method signature="invalidLogin(java.lang.String, java.lang.String)[pri:0, instance:testcases.TC_VerifyInvalidLogin@5c1a8622]" started-at="2020-06-26T22:27:00 IST" name="invalidLogin" data-provider="LoginData" finished-at="2020-06-26T22:27:09 IST" duration-ms="8775" status="PASS">
          <params>
            <param index="0">
              <value>
                <![CDATA[hackathon@gmail.com]]>
              </value>
            </param>
            <param index="1">
              <value>
                <![CDATA[team]]>
              </value>
            </param>
          </params>
          <reporter-output>
          </reporter-output>
        </test-method> <!-- invalidLogin -->
        <test-method is-config="true" signature="close()[pri:0, instance:testcases.TC_VerifyInvalidLogin@5c1a8622]" started-at="2020-06-26T22:27:09 IST" name="close" finished-at="2020-06-26T22:27:09 IST" duration-ms="688" status="PASS">
          <reporter-output>
          </reporter-output>
        </test-method> <!-- close -->
      </class> <!-- testcases.TC_VerifyInvalidLogin -->
      <class name="testcases.TC_VerifyLogin">
        <test-method is-config="true" signature="setup()[pri:0, instance:testcases.TC_VerifyLogin@2aa5fe93]" started-at="2020-06-26T22:26:20 IST" name="setup" finished-at="2020-06-26T22:26:32 IST" duration-ms="12210" status="PASS">
          <reporter-output>
          </reporter-output>
        </test-method> <!-- setup -->
        <test-method signature="verifyLogin()[pri:0, instance:testcases.TC_VerifyLogin@2aa5fe93]" started-at="2020-06-26T22:26:32 IST" name="verifyLogin" finished-at="2020-06-26T22:26:36 IST" duration-ms="3978" status="PASS">
          <reporter-output>
          </reporter-output>
        </test-method> <!-- verifyLogin -->
        <test-method signature="verifyHomePageTitle()[pri:1, instance:testcases.TC_VerifyLogin@2aa5fe93]" started-at="2020-06-26T22:26:36 IST" name="verifyHomePageTitle" finished-at="2020-06-26T22:26:37 IST" duration-ms="691" status="PASS">
          <reporter-output>
          </reporter-output>
        </test-method> <!-- verifyHomePageTitle -->
        <test-method signature="selectCity()[pri:2, instance:testcases.TC_VerifyLogin@2aa5fe93]" started-at="2020-06-26T22:26:37 IST" name="selectCity" finished-at="2020-06-26T22:26:40 IST" duration-ms="3293" status="PASS">
          <reporter-output>
          </reporter-output>
        </test-method> <!-- selectCity -->
        <test-method is-config="true" signature="close()[pri:0, instance:testcases.TC_VerifyLogin@2aa5fe93]" started-at="2020-06-26T22:26:40 IST" name="close" finished-at="2020-06-26T22:26:41 IST" duration-ms="752" status="PASS">
          <reporter-output>
          </reporter-output>
        </test-method> <!-- close -->
      </class> <!-- testcases.TC_VerifyLogin -->
      <class name="testcases.TC_VerifyMain">
        <test-method is-config="true" signature="setup()[pri:0, instance:testcases.TC_VerifyMain@5ad851c9]" started-at="2020-06-26T22:27:09 IST" name="setup" finished-at="2020-06-26T22:27:27 IST" duration-ms="17322" status="PASS">
          <reporter-output>
          </reporter-output>
        </test-method> <!-- setup -->
        <test-method signature="sortbyBudget()[pri:0, instance:testcases.TC_VerifyMain@5ad851c9]" started-at="2020-06-26T22:27:27 IST" name="sortbyBudget" finished-at="2020-06-26T22:27:41 IST" duration-ms="14576" status="PASS">
          <reporter-output>
          </reporter-output>
        </test-method> <!-- sortbyBudget -->
        <test-method signature="sortbyapprxPrice()[pri:1, instance:testcases.TC_VerifyMain@5ad851c9]" started-at="2020-06-26T22:27:41 IST" name="sortbyapprxPrice" finished-at="2020-06-26T22:27:45 IST" duration-ms="3969" status="PASS">
          <reporter-output>
          </reporter-output>
        </test-method> <!-- sortbyapprxPrice -->
        <test-method signature="sortbyBrandName()[pri:2, instance:testcases.TC_VerifyMain@5ad851c9]" started-at="2020-06-26T22:27:45 IST" name="sortbyBrandName" finished-at="2020-06-26T22:27:46 IST" duration-ms="908" status="PASS">
          <reporter-output>
          </reporter-output>
        </test-method> <!-- sortbyBrandName -->
        <test-method signature="sortbyPriceRange()[pri:3, instance:testcases.TC_VerifyMain@5ad851c9]" started-at="2020-06-26T22:27:46 IST" name="sortbyPriceRange" finished-at="2020-06-26T22:27:48 IST" duration-ms="1616" status="PASS">
          <reporter-output>
          </reporter-output>
        </test-method> <!-- sortbyPriceRange -->
        <test-method signature="upcomingbikeName1()[pri:4, instance:testcases.TC_VerifyMain@5ad851c9]" started-at="2020-06-26T22:27:48 IST" name="upcomingbikeName1" finished-at="2020-06-26T22:27:51 IST" duration-ms="3072" status="PASS">
          <reporter-output>
          </reporter-output>
        </test-method> <!-- upcomingbikeName1 -->
        <test-method signature="upcomingbikePrice1()[pri:5, instance:testcases.TC_VerifyMain@5ad851c9]" started-at="2020-06-26T22:27:51 IST" name="upcomingbikePrice1" finished-at="2020-06-26T22:27:52 IST" duration-ms="1044" status="PASS">
          <reporter-output>
          </reporter-output>
        </test-method> <!-- upcomingbikePrice1 -->
        <test-method signature="upcomingbikeDate1()[pri:6, instance:testcases.TC_VerifyMain@5ad851c9]" started-at="2020-06-26T22:27:52 IST" name="upcomingbikeDate1" finished-at="2020-06-26T22:27:55 IST" duration-ms="3030" status="PASS">
          <reporter-output>
          </reporter-output>
        </test-method> <!-- upcomingbikeDate1 -->
        <test-method signature="upcomingbikeName2()[pri:7, instance:testcases.TC_VerifyMain@5ad851c9]" started-at="2020-06-26T22:27:55 IST" name="upcomingbikeName2" finished-at="2020-06-26T22:27:56 IST" duration-ms="1336" status="PASS">
          <reporter-output>
          </reporter-output>
        </test-method> <!-- upcomingbikeName2 -->
        <test-method signature="upcomingbikePrice2()[pri:8, instance:testcases.TC_VerifyMain@5ad851c9]" started-at="2020-06-26T22:27:56 IST" name="upcomingbikePrice2" finished-at="2020-06-26T22:27:56 IST" duration-ms="39" status="PASS">
          <reporter-output>
          </reporter-output>
        </test-method> <!-- upcomingbikePrice2 -->
        <test-method signature="upcomingbikeDate2()[pri:9, instance:testcases.TC_VerifyMain@5ad851c9]" started-at="2020-06-26T22:27:56 IST" name="upcomingbikeDate2" finished-at="2020-06-26T22:27:57 IST" duration-ms="443" status="PASS">
          <reporter-output>
          </reporter-output>
        </test-method> <!-- upcomingbikeDate2 -->
        <test-method is-config="true" signature="close()[pri:0, instance:testcases.TC_VerifyMain@5ad851c9]" started-at="2020-06-26T22:27:57 IST" name="close" finished-at="2020-06-26T22:27:58 IST" duration-ms="765" status="PASS">
          <reporter-output>
          </reporter-output>
        </test-method> <!-- close -->
      </class> <!-- testcases.TC_VerifyMain -->
    </test> <!-- BikeApp Test -->
  </suite> <!-- HondaBike -->
</testng-results>
