<?xml version="1.0" encoding="UTF-8"?>
<testsuite xmlns:xsi="http://www.w3.org/2001/XMLSchema-instance" xsi:noNamespaceSchemaLocation="https://maven.apache.org/surefire/maven-surefire-plugin/xsd/surefire-test-report-3.0.xsd" version="3.0" name="TestSuite" time="99.512" tests="14" errors="0" skipped="0" failures="0">
  <properties>
[...]
</properties>
  <testcase name="verifyLogin" classname="testcases.TC_VerifyLogin" time="4.004"/>
  <testcase name="verifyHomePageTitle" classname="testcases.TC_VerifyLogin" time="0.692"/>
  <testcase name="selectCity" classname="testcases.TC_VerifyLogin" time="3.293"/>
  <testcase name="invalidLogin" classname="testcases.TC_VerifyInvalidLogin" time="8.774"/>
  <testcase name="sortbyBudget" classname="testcases.TC_VerifyMain" time="14.582"/>
  <testcase name="sortbyapprxPrice" classname="testcases.TC_VerifyMain" time="3.971"/>
  <testcase name="sortbyBrandName" classname="testcases.TC_VerifyMain" time="0.915"/>
  <testcase name="sortbyPriceRange" classname="testcases.TC_VerifyMain" time="1.609"/>
  <testcase name="upcomingbikeName1" classname="testcases.TC_VerifyMain" time="3.073"/>
  <testcase name="upcomingbikePrice1" classname="testcases.TC_VerifyMain" time="1.045"/>
  <testcase name="upcomingbikeDate1" classname="testcases.TC_VerifyMain" time="3.03"/>
  <testcase name="upcomingbikeName2" classname="testcases.TC_VerifyMain" time="1.338"/>
  <testcase name="upcomingbikePrice2" classname="testcases.TC_VerifyMain" time="0.041"/>
  <testcase name="upcomingbikeDate2" classname="testcases.TC_VerifyMain" time="0.446"/>
</testsuite>