<?xml version="1.0" encoding="UTF-8"?>
<testng-results ignored="0" total="14" passed="14" failed="0" skipped="0">
  <reporter-output>
  </reporter-output>
  <suite started-at="2020-06-26T21:52:50 IST" name="HondaBike" finished-at="2020-06-26T21:53:53 IST" duration-ms="63552">
    <groups>
    </groups>
    <test started-at="2020-06-26T21:52:50 IST" name="BikeApp Test" finished-at="2020-06-26T21:53:53 IST" duration-ms="63552">
      <class name="testcases.TC_VerifyInvalidLogin">
        <test-method is-config="true" signature="setup()[pri:0, instance:testcases.TC_VerifyInvalidLogin@5c909414]" started-at="2020-06-26T21:53:12 IST" name="setup" finished-at="2020-06-26T21:53:20 IST" duration-ms="8230" status="PASS">
          <reporter-output>
          </reporter-output>
        </test-method> <!-- setup -->
        <test-method signature="invalidLogin(java.lang.String, java.lang.String)[pri:0, instance:testcases.TC_VerifyInvalidLogin@5c909414]" started-at="2020-06-26T21:53:21 IST" name="invalidLogin" data-provider="LoginData" finished-at="2020-06-26T21:53:25 IST" duration-ms="4360" status="PASS">
          <params>
            <param index="0">
              <value>
                <![CDATA[hackathon@gmail.com]]>
              </value>
            </param>
            <param index="1">
              <value>
                <![CDATA[team]]>
              </value>
            </param>
          </params>
          <reporter-output>
          </reporter-output>
        </test-method> <!-- invalidLogin -->
        <test-method is-config="true" signature="close()[pri:0, instance:testcases.TC_VerifyInvalidLogin@5c909414]" started-at="2020-06-26T21:53:25 IST" name="close" finished-at="2020-06-26T21:53:26 IST" duration-ms="1025" status="PASS">
          <reporter-output>
          </reporter-output>
        </test-method> <!-- close -->
      </class> <!-- testcases.TC_VerifyInvalidLogin -->
      <class name="testcases.TC_VerifyLogin">
        <test-method is-config="true" signature="setup()[pri:0, instance:testcases.TC_VerifyLogin@433d61fb]" started-at="2020-06-26T21:52:50 IST" name="setup" finished-at="2020-06-26T21:53:02 IST" duration-ms="12536" status="PASS">
          <reporter-output>
          </reporter-output>
        </test-method> <!-- setup -->
        <test-method signature="verifyLogin()[pri:0, instance:testcases.TC_VerifyLogin@433d61fb]" started-at="2020-06-26T21:53:02 IST" name="verifyLogin" finished-at="2020-06-26T21:53:07 IST" duration-ms="4177" status="PASS">
          <reporter-output>
          </reporter-output>
        </test-method> <!-- verifyLogin -->
        <test-method signature="verifyHomePageTitle()[pri:1, instance:testcases.TC_VerifyLogin@433d61fb]" started-at="2020-06-26T21:53:07 IST" name="verifyHomePageTitle" finished-at="2020-06-26T21:53:07 IST" duration-ms="571" status="PASS">
          <reporter-output>
          </reporter-output>
        </test-method> <!-- verifyHomePageTitle -->
        <test-method signature="selectCity()[pri:2, instance:testcases.TC_VerifyLogin@433d61fb]" started-at="2020-06-26T21:53:07 IST" name="selectCity" finished-at="2020-06-26T21:53:11 IST" duration-ms="3800" status="PASS">
          <reporter-output>
          </reporter-output>
        </test-method> <!-- selectCity -->
        <test-method is-config="true" signature="close()[pri:0, instance:testcases.TC_VerifyLogin@433d61fb]" started-at="2020-06-26T21:53:11 IST" name="close" finished-at="2020-06-26T21:53:12 IST" duration-ms="1003" status="PASS">
          <reporter-output>
          </reporter-output>
        </test-method> <!-- close -->
      </class> <!-- testcases.TC_VerifyLogin -->
      <class name="testcases.TC_VerifyMain">
        <test-method is-config="true" signature="setup()[pri:0, instance:testcases.TC_VerifyMain@4b14c583]" started-at="2020-06-26T21:53:26 IST" name="setup" finished-at="2020-06-26T21:53:34 IST" duration-ms="8044" status="PASS">
          <reporter-output>
          </reporter-output>
        </test-method> <!-- setup -->
        <test-method signature="sortbyBudget()[pri:0, instance:testcases.TC_VerifyMain@4b14c583]" started-at="2020-06-26T21:53:34 IST" name="sortbyBudget" finished-at="2020-06-26T21:53:34 IST" duration-ms="297" status="PASS">
          <reporter-output>
          </reporter-output>
        </test-method> <!-- sortbyBudget -->
        <test-method signature="sortbyapprxPrice()[pri:1, instance:testcases.TC_VerifyMain@4b14c583]" started-at="2020-06-26T21:53:34 IST" name="sortbyapprxPrice" finished-at="2020-06-26T21:53:39 IST" duration-ms="4549" status="PASS">
          <reporter-output>
          </reporter-output>
        </test-method> <!-- sortbyapprxPrice -->
        <test-method signature="sortbyBrandName()[pri:2, instance:testcases.TC_VerifyMain@4b14c583]" started-at="2020-06-26T21:53:39 IST" name="sortbyBrandName" finished-at="2020-06-26T21:53:40 IST" duration-ms="1209" status="PASS">
          <reporter-output>
          </reporter-output>
        </test-method> <!-- sortbyBrandName -->
        <test-method signature="sortbyPriceRange()[pri:3, instance:testcases.TC_VerifyMain@4b14c583]" started-at="2020-06-26T21:53:40 IST" name="sortbyPriceRange" finished-at="2020-06-26T21:53:42 IST" duration-ms="1866" status="PASS">
          <reporter-output>
          </reporter-output>
        </test-method> <!-- sortbyPriceRange -->
        <test-method signature="upcomingbikeName1()[pri:4, instance:testcases.TC_VerifyMain@4b14c583]" started-at="2020-06-26T21:53:42 IST" name="upcomingbikeName1" finished-at="2020-06-26T21:53:46 IST" duration-ms="3633" status="PASS">
          <reporter-output>
          </reporter-output>
        </test-method> <!-- upcomingbikeName1 -->
        <test-method signature="upcomingbikePrice1()[pri:5, instance:testcases.TC_VerifyMain@4b14c583]" started-at="2020-06-26T21:53:46 IST" name="upcomingbikePrice1" finished-at="2020-06-26T21:53:47 IST" duration-ms="1044" status="PASS">
          <reporter-output>
          </reporter-output>
        </test-method> <!-- upcomingbikePrice1 -->
        <test-method signature="upcomingbikeDate1()[pri:6, instance:testcases.TC_VerifyMain@4b14c583]" started-at="2020-06-26T21:53:47 IST" name="upcomingbikeDate1" finished-at="2020-06-26T21:53:50 IST" duration-ms="3335" status="PASS">
          <reporter-output>
          </reporter-output>
        </test-method> <!-- upcomingbikeDate1 -->
        <test-method signature="upcomingbikeName2()[pri:7, instance:testcases.TC_VerifyMain@4b14c583]" started-at="2020-06-26T21:53:50 IST" name="upcomingbikeName2" finished-at="2020-06-26T21:53:52 IST" duration-ms="1596" status="PASS">
          <reporter-output>
          </reporter-output>
        </test-method> <!-- upcomingbikeName2 -->
        <test-method signature="upcomingbikePrice2()[pri:8, instance:testcases.TC_VerifyMain@4b14c583]" started-at="2020-06-26T21:53:52 IST" name="upcomingbikePrice2" finished-at="2020-06-26T21:53:52 IST" duration-ms="55" status="PASS">
          <reporter-output>
          </reporter-output>
        </test-method> <!-- upcomingbikePrice2 -->
        <test-method signature="upcomingbikeDate2()[pri:9, instance:testcases.TC_VerifyMain@4b14c583]" started-at="2020-06-26T21:53:52 IST" name="upcomingbikeDate2" finished-at="2020-06-26T21:53:52 IST" duration-ms="530" status="PASS">
          <reporter-output>
          </reporter-output>
        </test-method> <!-- upcomingbikeDate2 -->
        <test-method is-config="true" signature="close()[pri:0, instance:testcases.TC_VerifyMain@4b14c583]" started-at="2020-06-26T21:53:52 IST" name="close" finished-at="2020-06-26T21:53:53 IST" duration-ms="914" status="PASS">
          <reporter-output>
          </reporter-output>
        </test-method> <!-- close -->
      </class> <!-- testcases.TC_VerifyMain -->
    </test> <!-- BikeApp Test -->
  </suite> <!-- HondaBike -->
</testng-results>
