<?xml version="1.0" encoding="UTF-8"?>
<!-- Generated by org.testng.reporters.JUnitXMLReporter -->
<testsuite ignored="0" hostname="Srinithi" failures="0" tests="14" name="BikeApp Test" time="63.552" errors="0" timestamp="2020-06-26T21:53:53 IST">
  <testcase classname="testcases.TC_VerifyLogin" name="verifyLogin" time="4.177"/>
  <testcase classname="testcases.TC_VerifyLogin" name="verifyHomePageTitle" time="0.571"/>
  <testcase classname="testcases.TC_VerifyLogin" name="selectCity" time="3.8"/>
  <testcase classname="testcases.TC_VerifyInvalidLogin" name="invalidLogin" time="4.36"/>
  <testcase classname="testcases.TC_VerifyMain" name="sortbyBudget" time="0.297"/>
  <testcase classname="testcases.TC_VerifyMain" name="sortbyapprxPrice" time="4.549"/>
  <testcase classname="testcases.TC_VerifyMain" name="sortbyBrandName" time="1.209"/>
  <testcase classname="testcases.TC_VerifyMain" name="sortbyPriceRange" time="1.866"/>
  <testcase classname="testcases.TC_VerifyMain" name="upcomingbikeName1" time="3.633"/>
  <testcase classname="testcases.TC_VerifyMain" name="upcomingbikePrice1" time="1.044"/>
  <testcase classname="testcases.TC_VerifyMain" name="upcomingbikeDate1" time="3.335"/>
  <testcase classname="testcases.TC_VerifyMain" name="upcomingbikeName2" time="1.596"/>
  <testcase classname="testcases.TC_VerifyMain" name="upcomingbikePrice2" time="0.055"/>
  <testcase classname="testcases.TC_VerifyMain" name="upcomingbikeDate2" time="0.53"/>
</testsuite> <!-- BikeApp Test -->
