<?xml version="1.0" encoding="UTF-8"?>
<!-- Generated by org.testng.reporters.JUnitXMLReporter -->
<testsuite ignored="0" hostname="Srinithi" failures="0" tests="10" name="Regression Test" time="34.348" errors="0" timestamp="2020-06-13T22:38:27 IST">
  <testcase classname="testcases.TC_VerifyMain" name="sortbyBudget" time="0.277"/>
  <testcase classname="testcases.TC_VerifyMain" name="sortbyapprxPrice" time="4.559"/>
  <testcase classname="testcases.TC_VerifyMain" name="sortbyBrandName" time="0.836"/>
  <testcase classname="testcases.TC_VerifyMain" name="sortbyPriceRange" time="1.746"/>
  <testcase classname="testcases.TC_VerifyMain" name="upcomingbikeName1" time="3.628"/>
  <testcase classname="testcases.TC_VerifyMain" name="upcomingbikePrice1" time="1.059"/>
  <testcase classname="testcases.TC_VerifyMain" name="upcomingbikeDate1" time="4.583"/>
  <testcase classname="testcases.TC_VerifyMain" name="upcomingbikeName2" time="1.409"/>
  <testcase classname="testcases.TC_VerifyMain" name="upcomingbikePrice2" time="0.246"/>
  <testcase classname="testcases.TC_VerifyMain" name="upcomingbikeDate2" time="1.812"/>
</testsuite> <!-- Regression Test -->
