<?xml version="1.0" encoding="UTF-8"?>
<!-- Generated by org.testng.reporters.JUnitXMLReporter -->
<testsuite ignored="0" hostname="Srinithi" failures="0" tests="4" name="Smoke Test" time="43.141" errors="0" timestamp="2020-06-13T23:36:05 IST">
  <testcase classname="testcases.TC_VerifyLogin" name="verifyLogin" time="5.478"/>
  <testcase classname="testcases.TC_VerifyLogin" name="verifyHomePageTitle" time="0.071"/>
  <testcase classname="testcases.TC_VerifyLogin" name="selectCity" time="3.218"/>
  <testcase classname="testcases.TC_VerifyInvalidLogin" name="invalidLogin" time="4.92"/>
</testsuite> <!-- Smoke Test -->
