<?xml version="1.0" encoding="UTF-8"?>
<!-- Generated by org.testng.reporters.JUnitXMLReporter -->
<testsuite ignored="0" hostname="Srinithi" failures="0" tests="4" name="Smoke" time="39.229" errors="0" timestamp="2020-06-10T17:12:21 IST">
  <testcase classname="testcases.TC_VerifyLogin" name="verifyLogin" time="3.962"/>
  <testcase classname="testcases.TC_VerifyLogin" name="verifyHomePageTitle" time="0.304"/>
  <testcase classname="testcases.TC_VerifyLogin" name="selectCity" time="3.591"/>
  <testcase classname="testcases.TC_VerifyInvalidLogin" name="invalidLogin" time="4.241"/>
</testsuite> <!-- Smoke -->
